[INFO] 23:32:09:426 coordinador/(6824:6824): Se ha cargado la configuracion inicial del Coordinador:
[INFO] 23:32:09:426 coordinador/(6824:6824): PUERTO_ESCUCHA: 9035
[INFO] 23:32:09:426 coordinador/(6824:6824): PUERTO_PLANIF: 9034
[INFO] 23:32:09:426 coordinador/(6824:6824): IP_PLANIF: 127.0.0.1
[INFO] 23:32:09:426 coordinador/(6824:6824): ALGORITMO_DISTRIBUCION: EQ
[INFO] 23:32:09:426 coordinador/(6824:6824): CANTIDAD_ENTRADAS: 8
[INFO] 23:32:09:426 coordinador/(6824:6824): TAMANIO_ENTRADA: 10
[INFO] 23:32:09:426 coordinador/(6824:6824): RETARDO: 100
[INFO] 23:32:14:397 coordinador/(6824:6824): Conectado con planificador
[INFO] 23:32:14:404 coordinador/(6824:6847): Se creo un hilo con rutina instancia
[INFO] 23:32:14:405 coordinador/(6824:6847): Se creo una nueva instancia. Nombre: Inst2. Socket: 5
[INFO] 23:32:14:405 coordinador/(6824:6847): Se conecto la Inst2
[INFO] 23:32:15:488 coordinador/(6824:6851): Se creo un hilo con rutina instancia
[INFO] 23:32:15:491 coordinador/(6824:6851): Se creo una nueva instancia. Nombre: Inst1. Socket: 7
[INFO] 23:32:15:491 coordinador/(6824:6851): Se conecto la Inst1
[INFO] 23:32:17:817 coordinador/(6824:6854): Se ha creado un hilo con rutina ESI
[INFO] 23:32:19:818 coordinador/(6824:6854): El ESI 1 hizo un GET de la clave opcion1
[INFO] 23:32:21:821 coordinador/(6824:6854): El ESI 1 hizo un GET de la clave opcion2
[INFO] 23:32:23:823 coordinador/(6824:6854): El ESI 1 hizo un GET de la clave opcion3
[INFO] 23:32:25:825 coordinador/(6824:6854): El ESI 1 hizo un GET de la clave opcion4
[INFO] 23:34:02:3 coordinador/(6824:6854): El ESI 1 hizo un SET sobre la clave opcion1 con valor: fugazzetarellenagrande
[INFO] 23:34:05:891 coordinador/(6824:6854): La Inst2 ejecuto correctamente
[INFO] 23:34:38:359 coordinador/(6824:6854): El ESI 1 hizo un SET sobre la clave opcion2 con valor: promomuzzarella
[INFO] 23:34:38:363 coordinador/(6824:6854): La Inst1 ejecuto correctamente
[INFO] 23:35:03:558 coordinador/(6824:6854): El ESI 1 hizo un SET sobre la clave opcion3 con valor: pizzacuatroquesosgrande
[INFO] 23:35:03:569 coordinador/(6824:6854): La Inst2 ejecuto correctamente
[INFO] 23:35:05:599 coordinador/(6824:6854): La Inst2 ejecuto correctamente
[INFO] 23:35:07:639 coordinador/(6824:6854): La Inst2 ejecuto correctamente
