<<<<<<< HEAD
[INFO] 00:39:10:831 coordinador/(4413:4413): Se ha cargado la configuracion inicial del Coordinador
[INFO] 00:39:12:719 coordinador/(4413:4413): Se ha creado un hilo con la rutina ESI
[INFO] 00:39:14:448 coordinador/(4413:4413): Se ha creado un hilo con la rutina ESI
[INFO] 00:45:56:710 coordinador/(4601:4601): Se ha cargado la configuracion inicial del Coordinador
[INFO] 00:46:01:654 coordinador/(4601:4601): Se ha creado un hilo con la rutina ESI
[INFO] 00:46:03:311 coordinador/(4601:4601): Se ha creado un hilo con la rutina ESI
[INFO] 00:46:45:33 coordinador/(4666:4666): Se ha cargado la configuracion inicial del Coordinador
[INFO] 01:17:47:805 coordinador/(5852:5852): Se ha cargado la configuracion inicial del Coordinador
[INFO] 01:17:53:392 coordinador/(5852:5852): Se ha creado un hilo con la rutina ESI
[INFO] 01:19:22:910 coordinador/(6176:6176): Se ha cargado la configuracion inicial del Coordinador
[INFO] 01:19:27:350 coordinador/(6176:6176): Se ha creado un hilo con la rutina ESI
[INFO] 01:22:19:877 coordinador/(6304:6304): Se ha cargado la configuracion inicial del Coordinador
[INFO] 01:22:22:439 coordinador/(6304:6304): Se ha creado un hilo con la rutina ESI
[INFO] 01:22:27:686 coordinador/(6304:6304): Se ha creado un hilo con la rutina ESI
[INFO] 01:24:25:633 coordinador/(6367:6367): Se ha cargado la configuracion inicial del Coordinador
[INFO] 01:24:29:814 coordinador/(6367:6367): Se ha creado un hilo con la rutina ESI
[INFO] 01:24:31:789 coordinador/(6367:6367): Se ha creado un hilo con la rutina ESI
[INFO] 01:24:52:685 coordinador/(6367:6367): Se ha creado un hilo con la rutina ESI
[INFO] 01:25:03:150 coordinador/(6367:6367): Se ha creado un hilo con la rutina ESI
[INFO] 01:25:49:854 coordinador/(6784:6784): Se ha cargado la configuracion inicial del Coordinador
[INFO] 01:25:54:385 coordinador/(6784:6784): Se ha creado un hilo con la rutina ESI
[INFO] 01:25:55:560 coordinador/(6784:6784): Se ha creado un hilo con la rutina ESI
[INFO] 01:26:02:357 coordinador/(6784:6784): Se ha creado un hilo con la rutina ESI
[INFO] 01:26:05:101 coordinador/(6784:6784): Se ha creado un hilo con la rutina ESI
[INFO] 01:26:06:669 coordinador/(6784:6784): Se ha creado un hilo con la rutina ESI
[INFO] 01:26:37:583 coordinador/(6846:6846): Se ha cargado la configuracion inicial del Coordinador
[INFO] 01:26:44:574 coordinador/(6846:6846): Se ha creado un hilo con la rutina ESI
[INFO] 01:26:45:789 coordinador/(6846:6846): Se ha creado un hilo con la rutina ESI
[INFO] 01:26:53:717 coordinador/(6846:6846): Se ha creado un hilo con la rutina ESI
[INFO] 01:26:56:437 coordinador/(6846:6846): Se ha creado un hilo con la rutina ESI
[INFO] 01:28:00:294 coordinador/(7255:7255): Se ha cargado la configuracion inicial del Coordinador
[INFO] 01:28:03:125 coordinador/(7255:7255): Se ha creado un hilo con la rutina ESI
[INFO] 01:28:03:996 coordinador/(7255:7255): Se ha creado un hilo con la rutina ESI
[INFO] 01:28:12:469 coordinador/(7255:7255): Se ha creado un hilo con la rutina ESI
[INFO] 01:28:15:629 coordinador/(7255:7255): Se ha creado un hilo con la rutina ESI
[INFO] 01:28:16:572 coordinador/(7255:7255): Se ha creado un hilo con la rutina ESI
[INFO] 01:28:17:469 coordinador/(7255:7255): Se ha creado un hilo con la rutina ESI
[INFO] 01:29:24:893 coordinador/(7685:7685): Se ha cargado la configuracion inicial del Coordinador
[INFO] 01:29:35:246 coordinador/(7685:7685): Se ha creado un hilo con la rutina ESI
[INFO] 01:29:38:621 coordinador/(7685:7685): Se ha creado un hilo con la rutina ESI
[INFO] 01:29:43:652 coordinador/(7685:7685): Se ha creado un hilo con la rutina ESI
[INFO] 01:29:44:981 coordinador/(7685:7685): Se ha creado un hilo con la rutina ESI
[INFO] 01:32:27:493 coordinador/(7845:7845): Se ha cargado la configuracion inicial del Coordinador
[INFO] 01:32:30:767 coordinador/(7845:7845): Se ha creado un hilo con la rutina ESI
[INFO] 01:32:32:351 coordinador/(7845:7845): Se ha creado un hilo con la rutina ESI
[INFO] 01:38:07:478 coordinador/(7919:7919): Se ha cargado la configuracion inicial del Coordinador
[INFO] 01:38:10:908 coordinador/(7919:7919): Se ha creado un hilo con la rutina ESI
[INFO] 01:38:12:196 coordinador/(7919:7919): Se ha creado un hilo con la rutina ESI
[INFO] 01:38:47:324 coordinador/(7968:7968): Se ha cargado la configuracion inicial del Coordinador
[INFO] 01:39:39:260 coordinador/(8021:8021): Se ha cargado la configuracion inicial del Coordinador
[INFO] 01:39:48:733 coordinador/(8021:8021): Se ha creado un hilo con la rutina ESI
[INFO] 01:39:57:412 coordinador/(8021:8021): Se ha creado un hilo con la rutina ESI
[INFO] 01:46:33:835 coordinador/(8183:8183): Se ha cargado la configuracion inicial del Coordinador
[INFO] 01:46:37:839 coordinador/(8183:8183): Se ha creado un hilo con la rutina ESI
[INFO] 01:46:41:861 coordinador/(8183:8183): Se ha creado un hilo con la rutina ESI
[INFO] 01:53:25:139 coordinador/(8398:8398): Se ha cargado la configuracion inicial del Coordinador
[INFO] 01:53:31:167 coordinador/(8398:8398): Se ha creado un hilo con la rutina ESI
[INFO] 01:53:34:243 coordinador/(8398:8398): Se ha creado un hilo con la rutina ESI
[INFO] 01:56:29:665 coordinador/(8557:8557): Se ha cargado la configuracion inicial del Coordinador
[INFO] 01:56:37:505 coordinador/(8557:8557): Se ha creado un hilo con la rutina ESI
[INFO] 01:56:40:603 coordinador/(8557:8557): Se ha creado un hilo con la rutina ESI
[INFO] 02:00:16:635 coordinador/(8720:8720): Se ha cargado la configuracion inicial del Coordinador
[INFO] 02:00:22:740 coordinador/(8720:8720): Se ha creado un hilo con la rutina ESI
[INFO] 02:00:24:571 coordinador/(8720:8720): Se ha creado un hilo con la rutina ESI
[INFO] 02:01:44:962 coordinador/(8803:8803): Se ha cargado la configuracion inicial del Coordinador
[INFO] 02:01:45:962 coordinador/(8803:8803): Se ha creado un hilo con la rutina ESI
[INFO] 02:01:49:92 coordinador/(8803:8803): Se ha creado un hilo con la rutina ESI
[INFO] 02:02:02:2 coordinador/(8809:8809): Se ha cargado la configuracion inicial del Coordinador
[INFO] 02:02:05:27 coordinador/(8809:8809): Se ha creado un hilo con la rutina ESI
[INFO] 02:02:07:34 coordinador/(8809:8809): Se ha creado un hilo con la rutina ESI
[INFO] 02:06:08:972 coordinador/(8958:8958): Se ha cargado la configuracion inicial del Coordinador
[INFO] 02:06:13:338 coordinador/(8958:8958): Se ha creado un hilo con la rutina ESI
[INFO] 02:06:15:13 coordinador/(8958:8958): Se ha creado un hilo con la rutina ESI
[INFO] 02:07:27:21 coordinador/(9059:9059): Se ha cargado la configuracion inicial del Coordinador
[INFO] 02:07:30:690 coordinador/(9059:9059): Se ha creado un hilo con la rutina ESI
[INFO] 02:07:32:636 coordinador/(9059:9059): Se ha creado un hilo con la rutina ESI
[INFO] 02:08:41:690 coordinador/(9059:9059): Se ha creado un hilo con la rutina ESI
[INFO] 02:09:51:283 coordinador/(9164:9164): Se ha cargado la configuracion inicial del Coordinador
[INFO] 02:09:59:203 coordinador/(9164:9164): Se ha creado un hilo con la rutina ESI
[INFO] 02:10:10:652 coordinador/(9164:9164): Se ha creado un hilo con la rutina ESI
[INFO] 02:11:54:236 coordinador/(9933:9933): Se ha cargado la configuracion inicial del Coordinador
[INFO] 02:11:58:404 coordinador/(9933:9933): Se ha creado un hilo con la rutina ESI
[INFO] 02:12:04:802 coordinador/(9933:9933): Se ha creado un hilo con la rutina ESI
[INFO] 02:13:32:923 coordinador/(9933:9933): Se ha creado un hilo con la rutina ESI
[INFO] 02:14:10:429 coordinador/(9933:9933): Se ha creado un hilo con la rutina ESI
[INFO] 02:14:43:994 coordinador/(9933:9933): Se ha creado un hilo con la rutina ESI
[INFO] 02:14:49:229 coordinador/(9933:9933): Se ha creado un hilo con la rutina ESI
[INFO] 02:15:59:546 coordinador/(9933:9933): Se ha creado un hilo con la rutina ESI
[INFO] 02:16:33:458 coordinador/(9933:9933): Se ha creado un hilo con la rutina ESI
[INFO] 02:17:26:506 coordinador/(9933:9933): Se ha creado un hilo con la rutina ESI
[INFO] 02:17:32:247 coordinador/(9933:9933): Se ha creado un hilo con la rutina ESI
[INFO] 02:18:34:944 coordinador/(9933:9933): Se ha creado un hilo con la rutina ESI
[INFO] 02:18:56:675 coordinador/(9933:9933): Se ha creado un hilo con la rutina ESI
[INFO] 02:19:23:581 coordinador/(9933:9933): Se ha creado un hilo con la rutina ESI
[INFO] 02:19:52:971 coordinador/(9933:9933): Se ha creado un hilo con la rutina ESI
[INFO] 02:20:46:421 coordinador/(9933:9933): Se ha creado un hilo con la rutina ESI
[INFO] 02:20:54:428 coordinador/(9933:9933): Se ha creado un hilo con la rutina ESI
[INFO] 02:21:00:75 coordinador/(9933:9933): Se ha creado un hilo con la rutina ESI
[INFO] 02:21:14:275 coordinador/(11267:11267): Se ha cargado la configuracion inicial del Coordinador
[INFO] 02:21:15:605 coordinador/(11267:11267): Se ha creado un hilo con la rutina ESI
[INFO] 02:21:16:251 coordinador/(11267:11267): Se ha creado un hilo con la rutina ESI
[INFO] 02:22:41:898 coordinador/(11267:11267): Se ha creado un hilo con la rutina ESI
[INFO] 02:22:51:109 coordinador/(11267:11267): Se ha creado un hilo con la rutina ESI
[INFO] 02:23:48:501 coordinador/(11267:11267): Se ha creado un hilo con la rutina ESI
[INFO] 02:26:25:905 coordinador/(11267:11267): Se ha creado un hilo con la rutina ESI
[INFO] 02:27:57:598 coordinador/(11962:11962): Se ha cargado la configuracion inicial del Coordinador
[INFO] 02:27:59:825 coordinador/(11962:11962): Se ha creado un hilo con la rutina ESI
[INFO] 02:28:10:529 coordinador/(11962:11962): Se ha creado un hilo con la rutina ESI
[INFO] 02:28:59:711 coordinador/(12400:12400): Se ha cargado la configuracion inicial del Coordinador
[INFO] 02:29:03:51 coordinador/(12400:12400): Se ha creado un hilo con la rutina ESI
[INFO] 02:29:09:802 coordinador/(12400:12400): Se ha creado un hilo con la rutina ESI
[INFO] 02:29:28:97 coordinador/(12400:12400): Se ha creado un hilo con la rutina ESI
[INFO] 02:30:18:481 coordinador/(12554:12554): Se ha cargado la configuracion inicial del Coordinador
[INFO] 02:30:23:698 coordinador/(12554:12554): Se ha creado un hilo con la rutina ESI
[INFO] 02:30:26:53 coordinador/(12554:12554): Se ha creado un hilo con la rutina ESI
[INFO] 02:30:40:541 coordinador/(13880:13880): Se ha cargado la configuracion inicial del Coordinador
[INFO] 02:30:43:374 coordinador/(13880:13880): Se ha creado un hilo con la rutina ESI
[INFO] 02:30:49:87 coordinador/(13880:13880): Se ha creado un hilo con la rutina ESI
[INFO] 02:32:03:486 coordinador/(19845:19845): Se ha cargado la configuracion inicial del Coordinador
[INFO] 02:34:55:684 coordinador/(19845:19845): Se ha creado un hilo con la rutina ESI
[INFO] 02:34:58:193 coordinador/(19845:19845): Se ha creado un hilo con la rutina ESI
[INFO] 02:35:26:851 coordinador/(23194:23194): Se ha cargado la configuracion inicial del Coordinador
[INFO] 02:35:28:124 coordinador/(23194:23194): Se ha creado un hilo con la rutina ESI
[INFO] 02:35:36:466 coordinador/(23194:23194): Se ha creado un hilo con la rutina ESI
[INFO] 02:36:28:705 coordinador/(23194:23194): Se ha creado un hilo con la rutina ESI
[INFO] 02:36:46:351 coordinador/(27442:27442): Se ha cargado la configuracion inicial del Coordinador
[INFO] 02:36:48:525 coordinador/(27442:27442): Se ha creado un hilo con la rutina ESI
[INFO] 02:36:57:402 coordinador/(27442:27442): Se ha creado un hilo con la rutina ESI
[INFO] 02:40:09:499 coordinador/(3725:3725): Se ha cargado la configuracion inicial del Coordinador
[INFO] 02:40:12:163 coordinador/(3725:3725): Se ha creado un hilo con la rutina ESI
[INFO] 02:40:18:707 coordinador/(3725:3725): Se ha creado un hilo con la rutina ESI
[INFO] 02:41:17:660 coordinador/(3788:3788): Se ha cargado la configuracion inicial del Coordinador
[INFO] 02:41:24:765 coordinador/(3788:3788): Se ha creado un hilo con la rutina ESI
[INFO] 02:41:31:738 coordinador/(3788:3788): Se ha creado un hilo con la rutina ESI
[INFO] 02:42:45:927 coordinador/(3788:3788): Se ha creado un hilo con la rutina ESI
[INFO] 02:42:55:836 coordinador/(4396:4396): Se ha cargado la configuracion inicial del Coordinador
[INFO] 02:42:59:538 coordinador/(4396:4396): Se ha creado un hilo con la rutina ESI
[INFO] 02:43:18:921 coordinador/(4396:4396): Se ha creado un hilo con la rutina ESI
[INFO] 02:45:21:140 coordinador/(4920:4920): Se ha cargado la configuracion inicial del Coordinador
[INFO] 02:45:24:509 coordinador/(4920:4920): Se ha creado un hilo con la rutina ESI
[INFO] 02:45:29:518 coordinador/(4920:4920): Se ha creado un hilo con la rutina ESI
[INFO] 02:46:46:690 coordinador/(5379:5379): Se ha cargado la configuracion inicial del Coordinador
[INFO] 02:46:50:430 coordinador/(5379:5379): Se ha creado un hilo con la rutina ESI
[INFO] 02:46:51:693 coordinador/(5379:5379): Se ha creado un hilo con la rutina ESI
[INFO] 02:48:13:587 coordinador/(5447:5447): Se ha cargado la configuracion inicial del Coordinador
[INFO] 02:48:15:115 coordinador/(5447:5447): Se ha creado un hilo con la rutina ESI
[INFO] 02:48:21:691 coordinador/(5447:5447): Se ha creado un hilo con la rutina ESI
[INFO] 02:48:28:322 coordinador/(5457:5457): Se ha cargado la configuracion inicial del Coordinador
[INFO] 02:48:37:571 coordinador/(5457:5457): Se ha creado un hilo con la rutina ESI
[INFO] 02:48:38:590 coordinador/(5457:5457): Se ha creado un hilo con la rutina ESI
[INFO] 02:51:06:715 coordinador/(5542:5542): Se ha cargado la configuracion inicial del Coordinador
[INFO] 02:51:07:882 coordinador/(5542:5542): Se ha creado un hilo con la rutina ESI
[INFO] 02:51:08:658 coordinador/(5542:5542): Se ha creado un hilo con la rutina ESI
[INFO] 02:51:34:658 coordinador/(5938:5938): Se ha cargado la configuracion inicial del Coordinador
[INFO] 02:51:37:835 coordinador/(5938:5938): Se ha creado un hilo con la rutina ESI
[INFO] 02:51:41:35 coordinador/(5938:5938): Se ha creado un hilo con la rutina ESI
[INFO] 02:53:56:280 coordinador/(6078:6078): Se ha cargado la configuracion inicial del Coordinador
[INFO] 02:53:57:86 coordinador/(6078:6078): Se ha creado un hilo con la rutina ESI
[INFO] 02:54:03:588 coordinador/(6083:6083): Se ha cargado la configuracion inicial del Coordinador
[INFO] 02:54:06:980 coordinador/(6083:6083): Se ha creado un hilo con la rutina ESI
[INFO] 02:54:09:810 coordinador/(6083:6083): Se ha creado un hilo con la rutina ESI
[INFO] 02:57:09:306 coordinador/(6196:6196): Se ha cargado la configuracion inicial del Coordinador
[INFO] 02:57:11:341 coordinador/(6196:6196): Se ha creado un hilo con la rutina ESI
[INFO] 02:57:12:914 coordinador/(6196:6196): Se ha creado un hilo con la rutina ESI
[INFO] 02:58:55:220 coordinador/(6196:6196): Se ha creado un hilo con la rutina ESI
=======
[INFO] 00:53:41:998 coordinador/(29367:29367): Se ha cargado la configuracion inicial del Coordinador
[INFO] 00:53:49:998 coordinador/(29367:29367): Se ha creado un hilo con la rutina ESI
[INFO] 00:53:56:399 coordinador/(29367:29367): Se ha creado un hilo con la rutina ESI
[INFO] 00:55:19:219 coordinador/(29367:29367): Se ha creado un hilo con la rutina ESI
[INFO] 00:55:29:214 coordinador/(29410:29410): Se ha cargado la configuracion inicial del Coordinador
[INFO] 00:55:42:46 coordinador/(29410:29410): Se ha creado un hilo con la rutina ESI
[INFO] 00:55:45:204 coordinador/(29410:29410): Se ha creado un hilo con la rutina ESI
[INFO] 00:56:16:849 coordinador/(29460:29460): Se ha cargado la configuracion inicial del Coordinador
[INFO] 00:56:22:953 coordinador/(29460:29460): Se ha creado un hilo con la rutina ESI
[INFO] 00:56:26:143 coordinador/(29460:29460): Se ha creado un hilo con la rutina ESI
[INFO] 00:57:27:554 coordinador/(29544:29544): Se ha cargado la configuracion inicial del Coordinador
[INFO] 00:57:34:227 coordinador/(29544:29544): Se ha creado un hilo con la rutina ESI
[INFO] 00:57:37:581 coordinador/(29544:29544): Se ha creado un hilo con la rutina ESI
[INFO] 01:32:55:742 coordinador/(5600:5600): Se ha cargado la configuracion inicial del Coordinador
[INFO] 01:33:08:628 coordinador/(5603:5603): Se ha cargado la configuracion inicial del Coordinador
[INFO] 02:04:44:780 coordinador/(6331:6331): Se ha cargado la configuracion inicial del Coordinador
[INFO] 02:05:16:236 coordinador/(6340:6340): Se ha cargado la configuracion inicial del Coordinador
[INFO] 02:14:45:416 coordinador/(6678:6678): Se ha cargado la configuracion inicial del Coordinador
[INFO] 02:14:47:361 coordinador/(6678:6678): Se ha creado un hilo con la rutina ESI
[INFO] 02:15:45:651 coordinador/(6678:6678): Se ha creado un hilo con la rutina ESI
[INFO] 02:16:10:524 coordinador/(6678:6678): Se ha creado un hilo con la rutina ESI
[INFO] 02:16:56:465 coordinador/(6678:6678): Se ha creado un hilo con la rutina ESI
[INFO] 02:17:52:567 coordinador/(6678:6678): Se ha creado un hilo con la rutina ESI
[INFO] 02:18:23:423 coordinador/(6678:6678): Se ha creado un hilo con la rutina ESI
[INFO] 02:20:33:936 coordinador/(6678:6678): Se ha creado un hilo con la rutina ESI
[INFO] 02:21:31:17 coordinador/(6678:6678): Se ha creado un hilo con la rutina ESI
[INFO] 02:23:04:26 coordinador/(6678:6678): Se ha creado un hilo con la rutina ESI
[INFO] 02:26:51:880 coordinador/(6678:6678): Se ha creado un hilo con la rutina ESI
[INFO] 02:36:07:141 coordinador/(6678:6678): Se ha creado un hilo con la rutina ESI
[INFO] 02:47:57:350 coordinador/(6678:6678): Se ha creado un hilo con la rutina ESI
[INFO] 02:48:21:32 coordinador/(6678:6678): Se ha creado un hilo con la rutina ESI
[INFO] 02:51:50:699 coordinador/(6678:6678): Se ha creado un hilo con la rutina ESI
[INFO] 02:52:14:618 coordinador/(6678:6678): Se ha creado un hilo con la rutina ESI
[INFO] 02:52:31:84 coordinador/(6678:6678): Se ha creado un hilo con la rutina ESI
[INFO] 02:53:23:554 coordinador/(6678:6678): Se ha creado un hilo con la rutina ESI
[INFO] 02:53:27:492 coordinador/(6678:6678): Se ha creado un hilo con la rutina ESI
[INFO] 02:53:32:731 coordinador/(8446:8446): Se ha cargado la configuracion inicial del Coordinador
[INFO] 02:55:37:636 coordinador/(8594:8594): Se ha cargado la configuracion inicial del Coordinador
[INFO] 02:55:46:635 coordinador/(8595:8595): Se ha cargado la configuracion inicial del Coordinador
[INFO] 02:55:55:106 coordinador/(8596:8596): Se ha cargado la configuracion inicial del Coordinador
[INFO] 02:56:52:514 coordinador/(8607:8607): Se ha cargado la configuracion inicial del Coordinador
[INFO] 02:56:55:427 coordinador/(8607:8607): Se ha creado un hilo con la rutina ESI
[INFO] 02:57:03:122 coordinador/(8607:8607): Se ha creado un hilo con la rutina ESI
[INFO] 02:57:20:570 coordinador/(8607:8607): Se ha creado un hilo con la rutina ESI
[INFO] 03:39:42:493 coordinador/(12719:12719): Se ha cargado la configuracion inicial del Coordinador
[INFO] 03:39:53:712 coordinador/(12719:12719): Se ha creado un hilo con la rutina ESI
[INFO] 03:40:47:612 coordinador/(12719:12719): Se ha creado un hilo con la rutina ESI
[INFO] 23:36:07:535 coordinador/(12334:12334): Se ha cargado la configuracion inicial del Coordinador
[INFO] 23:36:57:624 coordinador/(12334:12334): Se ha creado un hilo con la rutina ESI
[INFO] 23:40:33:990 coordinador/(12334:12334): Se ha creado un hilo con la rutina ESI
[INFO] 23:40:46:794 coordinador/(12334:12334): Se ha creado un hilo con la rutina ESI
[INFO] 23:40:51:612 coordinador/(12334:12334): Se ha creado un hilo con la rutina ESI
[INFO] 23:47:37:186 coordinador/(12499:12499): Se ha cargado la configuracion inicial del Coordinador
[INFO] 23:47:49:716 coordinador/(12499:12499): Se ha creado un hilo con la rutina ESI
[INFO] 23:47:56:524 coordinador/(12499:12499): Se ha creado un hilo con la rutina ESI
[INFO] 00:05:32:377 coordinador/(12846:12846): Se ha cargado la configuracion inicial del Coordinador
[INFO] 00:05:43:302 coordinador/(12846:12846): Se ha creado un hilo con la rutina ESI
[INFO] 00:05:49:285 coordinador/(12846:12846): Se ha creado un hilo con la rutina ESI
[INFO] 02:25:15:599 coordinador/(12413:12413): Se ha cargado la configuracion inicial del Coordinador
[INFO] 02:25:27:512 coordinador/(12413:12413): Se ha creado un hilo con la rutina ESI
>>>>>>> d9c935df621727b609c86b887ac70be4503393ec
